<?xml version="1.0" encoding="utf-8"?><testsuites name="pytest tests"><testsuite name="pytest" errors="0" failures="0" skipped="0" tests="8" time="4.502" timestamp="2026-05-24T00:34:48.565197+00:00" hostname="agent-env-6d0793ba-3af4-4195-8d26-0c00445e41fa"><testcase classname="backend.tests.test_api.TestHealth" name="test_root" time="0.230" /><testcase classname="backend.tests.test_api.TestContact" name="test_create_contact_and_persist" time="2.265" /><testcase classname="backend.tests.test_api.TestContact" name="test_create_contact_invalid_email" time="0.140" /><testcase classname="backend.tests.test_api.TestContact" name="test_create_contact_missing_fields" time="0.135" /><testcase classname="backend.tests.test_api.TestContact" name="test_list_contacts" time="0.112" /><testcase classname="backend.tests.test_api.TestNewsletter" name="test_subscribe_and_idempotent" time="0.160" /><testcase classname="backend.tests.test_api.TestNewsletter" name="test_subscribe_invalid_email" time="1.148" /><testcase classname="backend.tests.test_api.TestNewsletter" name="test_list_newsletter" time="0.145" /></testsuite></testsuites>